<?xml version="1.0" encoding="UTF-8"?>
<!-- Generated by org.testng.reporters.JUnitReportReporter -->
<testsuite skipped="4" hostname="DESKTOP-23R50OH" name="com.obsqura.ServiceApp.InventoryProductsMoreInfoTest" tests="4" failures="0" timestamp="17 Jan 2023 11:05:03 GMT" time="106.104" errors="0">
  <testcase name="verifyAndClickOnPrintBarcodeOrLabelAndGetAlertDescription" time="106.104" classname="com.obsqura.ServiceApp.InventoryProductsMoreInfoTest">
    <skipped/>
  </testcase> <!-- verifyAndClickOnPrintBarcodeOrLabelAndGetAlertDescription -->
  <testcase name="checkAndClickOnInventoryPdtTableElementAndInspectButtonColors" time="0.000" classname="com.obsqura.ServiceApp.InventoryProductsMoreInfoTest">
    <skipped/>
  </testcase> <!-- checkAndClickOnInventoryPdtTableElementAndInspectButtonColors -->
  <testcase name="verifyClickOnInventoryPdtMoreInfoAndFetchUrl" time="0.000" classname="com.obsqura.ServiceApp.InventoryProductsMoreInfoTest">
    <skipped/>
  </testcase> <!-- verifyClickOnInventoryPdtMoreInfoAndFetchUrl -->
  <testcase name="checkColorOfVariousButtonsInPrintBarcodeOrLabel" time="0.000" classname="com.obsqura.ServiceApp.InventoryProductsMoreInfoTest">
    <skipped/>
  </testcase> <!-- checkColorOfVariousButtonsInPrintBarcodeOrLabel -->
</testsuite> <!-- com.obsqura.ServiceApp.InventoryProductsMoreInfoTest -->
