<?xml version="1.0" encoding="UTF-8"?>
<!-- Generated by org.testng.reporters.JUnitReportReporter -->
<testsuite skipped="0" hostname="DESKTOP-23R50OH" name="com.obsqura.ServiceApp.HomePageTest" tests="5" failures="0" timestamp="18 Jan 2023 16:26:12 GMT" time="75.625" errors="0">
  <testcase name="checkEnterAnInvalidMailIdDetailsAndSend" time="14.262" classname="com.obsqura.ServiceApp.HomePageTest"/>
  <testcase name="verifyAndGetColorOfThreeContainerBoxes" time="11.690" classname="com.obsqura.ServiceApp.HomePageTest"/>
  <testcase name="verifyEnterAnyTwoFieldsOfQuickEmailAndSend" time="11.269" classname="com.obsqura.ServiceApp.HomePageTest"/>
  <testcase name="verifyAndClickOnDateCalenderEventAndDeleteIt" time="12.862" classname="com.obsqura.ServiceApp.HomePageTest"/>
  <testcase name="verifyAndClickOnDateCalenderAddEventIfAddedOrNot" time="25.542" classname="com.obsqura.ServiceApp.HomePageTest"/>
</testsuite> <!-- com.obsqura.ServiceApp.HomePageTest -->
