<?xml version="1.0" encoding="UTF-8"?>
<!-- Generated by org.testng.reporters.JUnitReportReporter -->
<testsuite skipped="0" hostname="DESKTOP-23R50OH" name="com.obsqura.ServiceApp.NotificationPageTest" tests="2" failures="0" timestamp="18 Jan 2023 16:43:29 GMT" time="32.811" errors="0">
  <testcase name="checkClickNotificationAndNavigateToQuantityAlerts" time="17.651" classname="com.obsqura.ServiceApp.NotificationPageTest"/>
  <testcase name="checkClickNotificationAndQuantityAlertTitle" time="15.160" classname="com.obsqura.ServiceApp.NotificationPageTest"/>
</testsuite> <!-- com.obsqura.ServiceApp.NotificationPageTest -->
