<?xml version="1.0" encoding="UTF-8"?>
<!-- Generated by org.testng.reporters.JUnitReportReporter -->
<testsuite skipped="3" hostname="DESKTOP-23R50OH" name="com.obsqura.ServiceApp.AddReparationWindowPageTest" tests="3" failures="0" timestamp="17 Jan 2023 11:05:03 GMT" time="104.061" errors="0">
  <testcase name="verifyAndEnterSomeReparationDetailseAndAddReparation" time="104.061" classname="com.obsqura.ServiceApp.AddReparationWindowPageTest">
    <skipped/>
  </testcase> <!-- verifyAndEnterSomeReparationDetailseAndAddReparation -->
  <testcase name="verifyGetColorOfTheButtonsOfAddReparation" time="0.000" classname="com.obsqura.ServiceApp.AddReparationWindowPageTest">
    <skipped/>
  </testcase> <!-- verifyGetColorOfTheButtonsOfAddReparation -->
  <testcase name="verifyAndEnterMandatoryDetailsAddReparationReportGenerated" time="0.000" classname="com.obsqura.ServiceApp.AddReparationWindowPageTest">
    <skipped/>
  </testcase> <!-- verifyAndEnterMandatoryDetailsAddReparationReportGenerated -->
</testsuite> <!-- com.obsqura.ServiceApp.AddReparationWindowPageTest -->
