<?xml version="1.0" encoding="UTF-8"?>
<!-- Generated by org.testng.reporters.JUnitReportReporter -->
<testsuite skipped="0" hostname="DESKTOP-23R50OH" name="com.obsqura.ServiceApp.LoginPageTest" tests="5" failures="0" timestamp="18 Jan 2023 16:28:50 GMT" time="48.497" errors="0">
  <testcase name="verifyEnterUsernameAndRememberCheckBoxOnly" time="8.047" classname="com.obsqura.ServiceApp.LoginPageTest"/>
  <testcase name="verifyEnterPasswordAndRememberCheckBoxOnly" time="8.227" classname="com.obsqura.ServiceApp.LoginPageTest"/>
  <testcase name="verifyEnterUsernameAndPassword" time="11.494" classname="com.obsqura.ServiceApp.LoginPageTest"/>
  <testcase name="verifyClickForgotPassword" time="12.275" classname="com.obsqura.ServiceApp.LoginPageTest"/>
  <testcase name="verifyClickRememberCheckBoxOnly" time="8.454" classname="com.obsqura.ServiceApp.LoginPageTest"/>
</testsuite> <!-- com.obsqura.ServiceApp.LoginPageTest -->
