<?xml version="1.0" encoding="UTF-8"?>
<!-- Generated by org.testng.reporters.JUnitReportReporter -->
<testsuite skipped="0" hostname="DESKTOP-23R50OH" name="com.obsqura.ServiceApp.NotificationPageTest" tests="2" failures="0" timestamp="24 Jan 2023 16:41:03 GMT" time="31.059" errors="0">
  <testcase name="checkClickNotificationAndNavigateToQuantityAlerts" time="16.796" classname="com.obsqura.ServiceApp.NotificationPageTest"/>
  <testcase name="checkClickNotificationAndQuantityAlertTitle" time="14.263" classname="com.obsqura.ServiceApp.NotificationPageTest"/>
</testsuite> <!-- com.obsqura.ServiceApp.NotificationPageTest -->
