<?xml version="1.0" encoding="UTF-8"?>
<!-- Generated by org.testng.reporters.JUnitReportReporter -->
<testsuite skipped="0" hostname="DESKTOP-23R50OH" name="com.obsqura.ServiceApp.InventoryPageInfoTest" tests="4" failures="0" timestamp="18 Jan 2023 16:32:41 GMT" time="76.208" errors="0">
  <testcase name="verifyAndClickOnPrintBarcodeOrLabelAndGetAlertDescription" time="28.022" classname="com.obsqura.ServiceApp.InventoryPageInfoTest"/>
  <testcase name="checkAndClickOnInventoryPdtTableElementAndInspectButtonColors" time="21.642" classname="com.obsqura.ServiceApp.InventoryPageInfoTest"/>
  <testcase name="checkColorOfVariousButtonsInPrintBarcodeOrLabel" time="14.289" classname="com.obsqura.ServiceApp.InventoryPageInfoTest"/>
  <testcase name="verifyClickOnInventoryPdtMoreInfoAndFetchUrl" time="12.255" classname="com.obsqura.ServiceApp.InventoryPageInfoTest"/>
</testsuite> <!-- com.obsqura.ServiceApp.InventoryPageInfoTest -->
