<?xml version="1.0" encoding="UTF-8"?>
<!-- Generated by org.testng.reporters.JUnitReportReporter -->
<testsuite skipped="0" hostname="DESKTOP-23R50OH" name="com.obsqura.ServiceApp.SendEmailWindowPageTest" tests="1" failures="0" timestamp="24 Jan 2023 16:41:03 GMT" time="20.913" errors="0">
  <testcase name="verifySelectNameEnterMessageAndSend" time="20.913" classname="com.obsqura.ServiceApp.SendEmailWindowPageTest"/>
</testsuite> <!-- com.obsqura.ServiceApp.SendEmailWindowPageTest -->
