<?xml version="1.0" encoding="UTF-8"?>
<!-- Generated by org.testng.reporters.JUnitReportReporter -->
<testsuite skipped="3" hostname="DESKTOP-23R50OH" name="com.obsqura.ServiceApp.AddReparationMoreInfoTest" tests="3" failures="0" timestamp="17 Jan 2023 11:05:03 GMT" time="120.509" errors="0">
  <testcase name="verifyClickOnViewReparationInNewWindow" time="120.509" classname="com.obsqura.ServiceApp.AddReparationMoreInfoTest">
    <skipped/>
  </testcase> <!-- verifyClickOnViewReparationInNewWindow -->
  <testcase name="checkClickOnMoreInfoAndExportPdfFile" time="0.000" classname="com.obsqura.ServiceApp.AddReparationMoreInfoTest">
    <skipped/>
  </testcase> <!-- checkClickOnMoreInfoAndExportPdfFile -->
  <testcase name="verifyClickOnPrintBarcodeInNewWindowCheckHeader" time="0.000" classname="com.obsqura.ServiceApp.AddReparationMoreInfoTest">
    <skipped/>
  </testcase> <!-- verifyClickOnPrintBarcodeInNewWindowCheckHeader -->
</testsuite> <!-- com.obsqura.ServiceApp.AddReparationMoreInfoTest -->
