<?xml version="1.0" encoding="UTF-8"?>
<!-- Generated by org.testng.reporters.JUnitReportReporter -->
<testsuite skipped="0" hostname="DESKTOP-23R50OH" name="com.obsqura.ServiceApp.AddClientMoreInfoTest" tests="2" failures="0" timestamp="18 Jan 2023 03:33:50 GMT" time="39.811" errors="0">
  <testcase name="verifyClickOnViewClientInNewWindowAndModifyName" time="19.926" classname="com.obsqura.ServiceApp.AddClientMoreInfoTest"/>
  <testcase name="checkClickOnExportToExcelFileAndDownloadIt" time="19.885" classname="com.obsqura.ServiceApp.AddClientMoreInfoTest"/>
</testsuite> <!-- com.obsqura.ServiceApp.AddClientMoreInfoTest -->
