<?xml version="1.0" encoding="UTF-8"?>
<!-- Generated by org.testng.reporters.JUnitReportReporter -->
<testsuite skipped="0" hostname="DESKTOP-23R50OH" name="com.obsqura.ServiceApp.ClientMoreInfoTest" tests="2" failures="0" timestamp="18 Jan 2023 03:35:17 GMT" time="39.375" errors="0">
  <testcase name="verifyClickOnViewClientInNewWindowAndModifyName" time="19.580" classname="com.obsqura.ServiceApp.ClientMoreInfoTest"/>
  <testcase name="checkClickOnExportToExcelFileAndDownloadIt" time="19.795" classname="com.obsqura.ServiceApp.ClientMoreInfoTest"/>
</testsuite> <!-- com.obsqura.ServiceApp.ClientMoreInfoTest -->
