<?xml version="1.0" encoding="UTF-8"?>
<!-- Generated by org.testng.reporters.JUnitReportReporter -->
<testsuite skipped="0" hostname="DESKTOP-23R50OH" name="com.obsqura.ServiceApp.ReparationWindowPageTest" tests="6" failures="0" timestamp="18 Jan 2023 16:14:11 GMT" time="112.565" errors="0">
  <testcase name="verifyAndEnterMandatoryDetailsAddReparationReportGenerated" time="18.574" classname="com.obsqura.ServiceApp.ReparationWindowPageTest"/>
  <testcase name="verifyGetColorOfTheButtonsOfAddReparation" time="12.744" classname="com.obsqura.ServiceApp.ReparationWindowPageTest"/>
  <testcase name="checkClickOnMoreInfoAndExportPdfFile" time="25.723" classname="com.obsqura.ServiceApp.ReparationWindowPageTest"/>
  <testcase name="verifyAndEnterSomeReparationDetailseAndAddReparation" time="22.296" classname="com.obsqura.ServiceApp.ReparationWindowPageTest"/>
  <testcase name="verifyClickOnPrintBarcodeInNewWindowCheckHeader" time="17.646" classname="com.obsqura.ServiceApp.ReparationWindowPageTest"/>
  <testcase name="verifyClickOnViewReparationInNewWindow" time="15.582" classname="com.obsqura.ServiceApp.ReparationWindowPageTest"/>
</testsuite> <!-- com.obsqura.ServiceApp.ReparationWindowPageTest -->
