<?xml version="1.0" encoding="UTF-8"?>
<!-- Generated by org.testng.reporters.JUnitReportReporter -->
<testsuite skipped="3" hostname="DESKTOP-23R50OH" name="com.obsqura.ServiceApp.AddClientWindowPageTest" tests="3" failures="0" timestamp="17 Jan 2023 11:05:03 GMT" time="122.764" errors="0">
  <testcase name="verifyEnterClientDetailsAndAddClient" time="122.764" classname="com.obsqura.ServiceApp.AddClientWindowPageTest">
    <skipped/>
  </testcase> <!-- verifyEnterClientDetailsAndAddClient -->
  <testcase name="verifycolorOfTheVariousButtonsOfAddClientForm" time="0.000" classname="com.obsqura.ServiceApp.AddClientWindowPageTest">
    <skipped/>
  </testcase> <!-- verifycolorOfTheVariousButtonsOfAddClientForm -->
  <testcase name="verifyeEnterClientDetailsWithoutNameAndAddClient" time="0.000" classname="com.obsqura.ServiceApp.AddClientWindowPageTest">
    <skipped/>
  </testcase> <!-- verifyeEnterClientDetailsWithoutNameAndAddClient -->
</testsuite> <!-- com.obsqura.ServiceApp.AddClientWindowPageTest -->
