<?xml version="1.0" encoding="UTF-8"?>
<!-- Generated by org.testng.reporters.JUnitReportReporter -->
<testsuite skipped="0" hostname="DESKTOP-23R50OH" name="com.obsqura.ServiceApp.DropdownUserMenuTest" tests="1" failures="0" timestamp="24 Jan 2023 16:41:03 GMT" time="13.012" errors="0">
  <testcase name="verifyUserSignOut" time="13.012" classname="com.obsqura.ServiceApp.DropdownUserMenuTest"/>
</testsuite> <!-- com.obsqura.ServiceApp.DropdownUserMenuTest -->
