<?xml version="1.0" encoding="UTF-8"?>
<!-- Generated by org.testng.reporters.JUnitReportReporter -->
<testsuite skipped="0" hostname="DESKTOP-23R50OH" name="com.obsqura.ServiceApp.LoginPageTest" tests="5" failures="0" timestamp="24 Jan 2023 16:41:03 GMT" time="49.619" errors="0">
  <testcase name="verifyEnterPasswordAndRememberCheckBoxOnly" time="9.755" classname="com.obsqura.ServiceApp.LoginPageTest"/>
  <testcase name="verifyEnterUsernameAndPassword" time="12.174" classname="com.obsqura.ServiceApp.LoginPageTest"/>
  <testcase name="verifyClickForgotPassword" time="9.665" classname="com.obsqura.ServiceApp.LoginPageTest"/>
  <testcase name="verifyEnterUsernameAndRememberCheckBoxOnly" time="9.308" classname="com.obsqura.ServiceApp.LoginPageTest"/>
  <testcase name="verifyClickRememberCheckBoxOnly" time="8.717" classname="com.obsqura.ServiceApp.LoginPageTest"/>
</testsuite> <!-- com.obsqura.ServiceApp.LoginPageTest -->
